2019-04-20 17:38:27.625 - INFO  [           main] o.s.b.StartupInfoLogger        : Starting JiangNanApplication on DESKTOP-9CK0F4O with PID 9836 (D:\ideaProject\jiang_nan\target\classes started by Administrator in D:\ideaProject\jiang_nan)
2019-04-20 17:38:27.636 - INFO  [           main] o.s.b.SpringApplication        : The following profiles are active: test
2019-04-20 17:38:28.639 - INFO  [           main] o.s.b.w.e.t.TomcatWebServer    : Tomcat initialized with port(s): 8899 (http)
2019-04-20 17:38:28.655 - INFO  [           main] o.a.j.l.DirectJDKLog           : Initializing ProtocolHandler ["http-nio-8899"]
2019-04-20 17:38:28.665 - INFO  [           main] o.a.j.l.DirectJDKLog           : Starting service [Tomcat]
2019-04-20 17:38:28.666 - INFO  [           main] o.a.j.l.DirectJDKLog           : Starting Servlet engine: [Apache Tomcat/9.0.17]
2019-04-20 17:38:28.674 - INFO  [           main] o.a.j.l.DirectJDKLog           : An older version [1.2.16] of the APR based Apache Tomcat Native library is installed, while Tomcat recommends a minimum version of [1.2.21]
2019-04-20 17:38:28.674 - INFO  [           main] o.a.j.l.DirectJDKLog           : Loaded APR based Apache Tomcat Native library [1.2.16] using APR version [1.6.3].
2019-04-20 17:38:28.674 - INFO  [           main] o.a.j.l.DirectJDKLog           : APR capabilities: IPv6 [true], sendfile [true], accept filters [false], random [true].
2019-04-20 17:38:28.674 - INFO  [           main] o.a.j.l.DirectJDKLog           : APR/OpenSSL configuration: useAprConnector [false], useOpenSSL [true]
2019-04-20 17:38:29.726 - INFO  [           main] o.a.j.l.DirectJDKLog           : OpenSSL successfully initialized [OpenSSL 1.0.2m  2 Nov 2017]
2019-04-20 17:38:29.822 - INFO  [           main] o.a.j.l.DirectJDKLog           : Initializing Spring embedded WebApplicationContext
2019-04-20 17:38:29.823 - INFO  [           main] letWebServerApplicationContext : Root WebApplicationContext: initialization completed in 2160 ms
2019-04-20 17:38:29.983 - INFO  [           main] c.z.h.HikariDataSource         : HikariPool-1 - Starting...
2019-04-20 17:38:30.443 - INFO  [           main] c.z.h.HikariDataSource         : HikariPool-1 - Start completed.
2019-04-20 17:38:30.805 - INFO  [           main] c.ExecutorConfigurationSupport : Initializing ExecutorService 'applicationTaskExecutor'
2019-04-20 17:38:31.103 - INFO  [           main] c.ExecutorConfigurationSupport : Initializing ExecutorService 'taskScheduler'
2019-04-20 17:38:31.155 - INFO  [           main] o.a.j.l.DirectJDKLog           : Starting ProtocolHandler ["http-nio-8899"]
2019-04-20 17:38:31.175 - INFO  [           main] o.s.b.w.e.t.TomcatWebServer    : Tomcat started on port(s): 8899 (http) with context path '/jiang_nan'
2019-04-20 17:38:31.179 - INFO  [           main] o.s.b.StartupInfoLogger        : Started JiangNanApplication in 4.332 seconds (JVM running for 5.507)
2019-04-20 17:38:58.720 - INFO  [nio-8899-exec-1] o.a.j.l.DirectJDKLog           : Initializing Spring DispatcherServlet 'dispatcherServlet'
2019-04-20 17:38:58.721 - INFO  [nio-8899-exec-1] o.s.w.s.FrameworkServlet       : Initializing Servlet 'dispatcherServlet'
2019-04-20 17:38:58.730 - INFO  [nio-8899-exec-1] o.s.w.s.FrameworkServlet       : Completed initialization in 9 ms
2019-04-20 17:38:58.752 - INFO  [nio-8899-exec-1] c.b.a.ControllerAspect         : ---------------BEGIN REQUEST-------------
2019-04-20 17:38:58.753 - INFO  [nio-8899-exec-1] c.b.a.ControllerAspect         : REQUEST URL : http://localhost:8899/jiang_nan/excel/hyFilter
2019-04-20 17:38:58.753 - INFO  [nio-8899-exec-1] c.b.a.ControllerAspect         : HTTP_METHOD : POST
2019-04-20 17:38:58.754 - INFO  [nio-8899-exec-1] c.b.a.ControllerAspect         : IP : 0:0:0:0:0:0:0:1
2019-04-20 17:38:58.755 - INFO  [nio-8899-exec-1] c.b.a.ControllerAspect         : CLASS_METHOD : com.bing.controller.ExcelController.findList
2019-04-20 17:38:58.757 - INFO  [nio-8899-exec-1] c.b.a.ControllerAspect         : REQUEST PARAMS : []
